Using pre-set license
Built from '2020.2/release' branch; Version is '2020.2.2f1 (068178b99f32) revision 426360'; Using compiler version '192528614'; Build Type 'Release'
OS: 'Windows 10 Enterprise; OS build 18363.1440; Version 1909; 64bit' Language: 'en' Physical Memory: 16304 MB
BatchMode: 1, IsHumanControllingUs: 0, StartBugReporterOnCrash: 0, Is64bit: 1, IsPro: 0

 COMMAND LINE ARGUMENTS:
C:\Program Files\Unity\Hub\Editor\2020.2.2f1\Editor\Unity.exe
-adb2
-batchMode
-noUpm
-name
AssetImportWorker0
-projectPath
C:/Users/3c4c9f8b600aaa4a/Documents/GitHub/GUI-and-GameSystems/GUI and GameSystems Project
-logFile
Logs/AssetImportWorker0.log
-srvPort
55768
Successfully changed project path to: C:/Users/3c4c9f8b600aaa4a/Documents/GitHub/GUI-and-GameSystems/GUI and GameSystems Project
C:/Users/3c4c9f8b600aaa4a/Documents/GitHub/GUI-and-GameSystems/GUI and GameSystems Project
Using Asset Import Pipeline V2.
Refreshing native plugins compatible for Editor in 22.78 ms, found 0 plugins.
Preloading 0 native plugins for Editor in 0.00 ms.
Initialize engine version: 2020.2.2f1 (068178b99f32)
[Subsystems] Discovering subsystems at path C:/Program Files/Unity/Hub/Editor/2020.2.2f1/Editor/Data/Resources/UnitySubsystems
[Subsystems] Discovering subsystems at path C:/Users/3c4c9f8b600aaa4a/Documents/GitHub/GUI-and-GameSystems/GUI and GameSystems Project/Assets
GfxDevice: creating device client; threaded=0
Direct3D:
    Version:  Direct3D 11.0 [level 11.0]
    Renderer: NVIDIA Quadro K2200  (ID=0x13ba)
    Vendor:   
    VRAM:     4035 MB
    Driver:   10.18.13.5362
Initialize mono
Mono path[0] = 'C:/Program Files/Unity/Hub/Editor/2020.2.2f1/Editor/Data/Managed'
Mono path[1] = 'C:/Program Files/Unity/Hub/Editor/2020.2.2f1/Editor/Data/MonoBleedingEdge/lib/mono/unityjit'
Mono config path = 'C:/Program Files/Unity/Hub/Editor/2020.2.2f1/Editor/Data/MonoBleedingEdge/etc'
Using monoOptions --debugger-agent=transport=dt_socket,embedding=1,server=y,suspend=n,address=127.0.0.1:56496
Begin MonoManager ReloadAssembly
Registering precompiled unity dll's ...
Register platform support module: C:/Program Files/Unity/Hub/Editor/2020.2.2f1/Editor/Data/PlaybackEngines/WindowsStandaloneSupport/UnityEditor.WindowsStandalone.Extensions.dll
Registered in 0.001224 seconds.
Native extension for WindowsStandalone target not found
Refreshing native plugins compatible for Editor in 21.31 ms, found 0 plugins.
Preloading 0 native plugins for Editor in 0.00 ms.
Invoked RoslynAnalysisRunner static constructor.
RoslynAnalysisRunner will not be running.
RoslynAnalysisRunner has terminated.
Mono: successfully reloaded assembly
- Completed reload, in  0.989 seconds
Platform modules already initialized, skipping
Registering precompiled user dll's ...
Registered in 0.000635 seconds.
Begin MonoManager ReloadAssembly
Native extension for WindowsStandalone target not found
Refreshing native plugins compatible for Editor in 0.18 ms, found 0 plugins.
Preloading 0 native plugins for Editor in 0.00 ms.
Invoked RoslynAnalysisRunner static constructor.
RoslynAnalysisRunner will not be running.
RoslynAnalysisRunner has terminated.
Mono: successfully reloaded assembly
- Completed reload, in  0.801 seconds
Platform modules already initialized, skipping
========================================================================
Worker process is ready to serve import requests
Launched and connected shader compiler UnityShaderCompiler.exe after 0.05 seconds
Refreshing native plugins compatible for Editor in 0.22 ms, found 0 plugins.
Preloading 0 native plugins for Editor in 0.00 ms.
Unloading 1099 Unused Serialized files (Serialized files now loaded: 0)
System memory in use before: 56.9 MB.
System memory in use after: 56.9 MB.

Unloading 10 unused Assets to reduce memory usage. Loaded Objects now: 1540.
Total: 1.699700 ms (FindLiveObjects: 0.124200 ms CreateObjectMapping: 0.038300 ms MarkObjects: 1.438900 ms  DeleteObjects: 0.097400 ms)

========================================================================
Received Import Request.
  path: Assets/GUI and GameSystems Project/Scenes
  artifactKey: Guid(06213efeab6c3dc4892014630f4e8aee) Importer(815301076,1909f56bfc062723c751e8b465ee728b)
Start importing Assets/GUI and GameSystems Project/Scenes using Guid(06213efeab6c3dc4892014630f4e8aee) Importer(815301076,1909f56bfc062723c751e8b465ee728b)  -> (artifact id: 'ba30278cb1bbfff84546bdfa41d237f9') in 0.004596 seconds
  Import took 0.006389 seconds .

========================================================================
Received Import Request.
  Time since last request: 1.487291 seconds.
  path: Assets/GUI and GameSystems Project/Scenes
  artifactKey: Guid(06213efeab6c3dc4892014630f4e8aee) Importer(815301076,1909f56bfc062723c751e8b465ee728b)
Start importing Assets/GUI and GameSystems Project/Scenes using Guid(06213efeab6c3dc4892014630f4e8aee) Importer(815301076,1909f56bfc062723c751e8b465ee728b)  -> (artifact id: 'ba30278cb1bbfff84546bdfa41d237f9') in 0.002405 seconds
  Import took 0.005079 seconds .

========================================================================
Received Import Request.
  Time since last request: 9.123119 seconds.
  path: Assets/GUI and GameSystems Project/Scenes/Any Key.unity
  artifactKey: Guid(4225875ea51cfcc47a358227ef4ed20b) Importer(815301076,1909f56bfc062723c751e8b465ee728b)
Start importing Assets/GUI and GameSystems Project/Scenes/Any Key.unity using Guid(4225875ea51cfcc47a358227ef4ed20b) Importer(815301076,1909f56bfc062723c751e8b465ee728b)  -> (artifact id: '7f6a474350e12df6f6926abdbe2bf89d') in 0.020003 seconds
  Import took 0.021889 seconds .

========================================================================
Received Import Request.
  Time since last request: 15.675180 seconds.
  path: Assets/GUI and GameSystems Project/Scenes/Loading Screen.unity
  artifactKey: Guid(8664b21f55fd01c4f9048c4789d2479d) Importer(815301076,1909f56bfc062723c751e8b465ee728b)
Start importing Assets/GUI and GameSystems Project/Scenes/Loading Screen.unity using Guid(8664b21f55fd01c4f9048c4789d2479d) Importer(815301076,1909f56bfc062723c751e8b465ee728b)  -> (artifact id: '7f947291ed645b256bfd7c4b45fed9b7') in 0.008172 seconds
  Import took 0.010501 seconds .

========================================================================
Received Import Request.
  Time since last request: 11.567798 seconds.
  path: Assets/GUI and GameSystems Project/Scenes/Main Menu.unity
  artifactKey: Guid(2d50426c64f899646a1a9ce2a1f46b25) Importer(815301076,1909f56bfc062723c751e8b465ee728b)
Start importing Assets/GUI and GameSystems Project/Scenes/Main Menu.unity using Guid(2d50426c64f899646a1a9ce2a1f46b25) Importer(815301076,1909f56bfc062723c751e8b465ee728b)  -> (artifact id: 'f212e8851b11ff4462fe196c9bd00501') in 0.010336 seconds
  Import took 0.012211 seconds .

========================================================================
Received Import Request.
  Time since last request: 0.003866 seconds.
  path: Assets/GUI and GameSystems Project/Scenes/Main Menu.unity
  artifactKey: Guid(2d50426c64f899646a1a9ce2a1f46b25) Importer(815301076,1909f56bfc062723c751e8b465ee728b)
Start importing Assets/GUI and GameSystems Project/Scenes/Main Menu.unity using Guid(2d50426c64f899646a1a9ce2a1f46b25) Importer(815301076,1909f56bfc062723c751e8b465ee728b)  -> (artifact id: 'f212e8851b11ff4462fe196c9bd00501') in 0.003289 seconds
  Import took 0.005310 seconds .

========================================================================
Received Import Request.
  Time since last request: 82.073473 seconds.
  path: Assets/GUI and GameSystems Project/Scenes/Splash Screen.unity
  artifactKey: Guid(9fc0d4010bbf28b4594072e72b8655ab) Importer(815301076,1909f56bfc062723c751e8b465ee728b)
Start importing Assets/GUI and GameSystems Project/Scenes/Splash Screen.unity using Guid(9fc0d4010bbf28b4594072e72b8655ab) Importer(815301076,1909f56bfc062723c751e8b465ee728b)  -> (artifact id: 'c46bd12bc04fd8cde697a858727d9517') in 0.009783 seconds
  Import took 0.012941 seconds .

========================================================================
Received Import Request.
  Time since last request: 0.001456 seconds.
  path: Assets/GUI and GameSystems Project/Scenes/Splash Screen.unity
  artifactKey: Guid(9fc0d4010bbf28b4594072e72b8655ab) Importer(815301076,1909f56bfc062723c751e8b465ee728b)
Start importing Assets/GUI and GameSystems Project/Scenes/Splash Screen.unity using Guid(9fc0d4010bbf28b4594072e72b8655ab) Importer(815301076,1909f56bfc062723c751e8b465ee728b)  -> (artifact id: 'c46bd12bc04fd8cde697a858727d9517') in 0.002647 seconds
  Import took 0.005114 seconds .

========================================================================
Received Import Request.
  Time since last request: 38.154013 seconds.
  path: Assets/GUI and GameSystems Project/Scenes/Character Customizer.unity
  artifactKey: Guid(f1eb8cc8dea831d469cf8523dd612583) Importer(815301076,1909f56bfc062723c751e8b465ee728b)
Start importing Assets/GUI and GameSystems Project/Scenes/Character Customizer.unity using Guid(f1eb8cc8dea831d469cf8523dd612583) Importer(815301076,1909f56bfc062723c751e8b465ee728b)  -> (artifact id: 'b4612c97f99da9195179214ea89a8614') in 0.008369 seconds
  Import took 0.010903 seconds .

========================================================================
Received Prepare
Registering precompiled user dll's ...
Registered in 0.000635 seconds.
Begin MonoManager ReloadAssembly
Native extension for WindowsStandalone target not found
Refreshing native plugins compatible for Editor in 0.20 ms, found 0 plugins.
Preloading 0 native plugins for Editor in 0.00 ms.
Invoked RoslynAnalysisRunner static constructor.
RoslynAnalysisRunner will not be running.
RoslynAnalysisRunner has terminated.
Mono: successfully reloaded assembly
- Completed reload, in  0.826 seconds
Platform modules already initialized, skipping
Refreshing native plugins compatible for Editor in 0.34 ms, found 0 plugins.
Preloading 0 native plugins for Editor in 0.00 ms.
Unloading 1094 Unused Serialized files (Serialized files now loaded: 0)
System memory in use before: 56.9 MB.
System memory in use after: 57.0 MB.

Unloading 5 unused Assets to reduce memory usage. Loaded Objects now: 1542.
Total: 1.893900 ms (FindLiveObjects: 0.258500 ms CreateObjectMapping: 0.073600 ms MarkObjects: 1.501200 ms  DeleteObjects: 0.059000 ms)

========================================================================
Received Import Request.
  Time since last request: 397.345226 seconds.
  path: Assets/GUI and GameSystems Project/Scripts/PreMenus.cs
  artifactKey: Guid(5be51acb1be49924f935389f11efa7f6) Importer(815301076,1909f56bfc062723c751e8b465ee728b)
Start importing Assets/GUI and GameSystems Project/Scripts/PreMenus.cs using Guid(5be51acb1be49924f935389f11efa7f6) Importer(815301076,1909f56bfc062723c751e8b465ee728b)  -> (artifact id: '80ad61c47899200246fa95c60524439b') in 0.031794 seconds
  Import took 0.034125 seconds .

========================================================================
Received Prepare
Registering precompiled user dll's ...
Registered in 0.000549 seconds.
Begin MonoManager ReloadAssembly
Native extension for WindowsStandalone target not found
Refreshing native plugins compatible for Editor in 0.19 ms, found 0 plugins.
Preloading 0 native plugins for Editor in 0.00 ms.
Invoked RoslynAnalysisRunner static constructor.
RoslynAnalysisRunner will not be running.
RoslynAnalysisRunner has terminated.
Mono: successfully reloaded assembly
- Completed reload, in  0.769 seconds
Platform modules already initialized, skipping
Refreshing native plugins compatible for Editor in 0.27 ms, found 0 plugins.
Preloading 0 native plugins for Editor in 0.00 ms.
Unloading 1108 Unused Serialized files (Serialized files now loaded: 0)
System memory in use before: 58.7 MB.
System memory in use after: 58.2 MB.

Unloading 18 unused Assets to reduce memory usage. Loaded Objects now: 1545.
Total: 1.702300 ms (FindLiveObjects: 0.167000 ms CreateObjectMapping: 0.041700 ms MarkObjects: 1.194900 ms  DeleteObjects: 0.297800 ms)

========================================================================
Received Prepare
Registering precompiled user dll's ...
Registered in 0.000509 seconds.
Begin MonoManager ReloadAssembly
Native extension for WindowsStandalone target not found
Refreshing native plugins compatible for Editor in 0.20 ms, found 0 plugins.
Preloading 0 native plugins for Editor in 0.00 ms.
Invoked RoslynAnalysisRunner static constructor.
RoslynAnalysisRunner will not be running.
RoslynAnalysisRunner has terminated.
Mono: successfully reloaded assembly
- Completed reload, in  0.756 seconds
Platform modules already initialized, skipping
Refreshing native plugins compatible for Editor in 0.29 ms, found 0 plugins.
Preloading 0 native plugins for Editor in 0.00 ms.
Unloading 1107 Unused Serialized files (Serialized files now loaded: 0)
System memory in use before: 58.8 MB.
System memory in use after: 58.3 MB.

Unloading 19 unused Assets to reduce memory usage. Loaded Objects now: 1546.
Total: 1.710600 ms (FindLiveObjects: 0.119400 ms CreateObjectMapping: 0.028300 ms MarkObjects: 1.249200 ms  DeleteObjects: 0.313000 ms)

========================================================================
Received Import Request.
  Time since last request: 39.939967 seconds.
  path: Assets/GUI and GameSystems Project/Scripts/SplashScreen.cs
  artifactKey: Guid(e9c4f4ef498d8ea4ca0790c2557f1df3) Importer(815301076,1909f56bfc062723c751e8b465ee728b)
Start importing Assets/GUI and GameSystems Project/Scripts/SplashScreen.cs using Guid(e9c4f4ef498d8ea4ca0790c2557f1df3) Importer(815301076,1909f56bfc062723c751e8b465ee728b)  -> (artifact id: 'a3c29b56d6869788f5e798306215fd81') in 0.008262 seconds
  Import took 0.010238 seconds .

========================================================================
Received Prepare
Registering precompiled user dll's ...
Registered in 0.000635 seconds.
Begin MonoManager ReloadAssembly
Native extension for WindowsStandalone target not found
Refreshing native plugins compatible for Editor in 0.20 ms, found 0 plugins.
Preloading 0 native plugins for Editor in 0.00 ms.
Invoked RoslynAnalysisRunner static constructor.
RoslynAnalysisRunner will not be running.
RoslynAnalysisRunner has terminated.
Mono: successfully reloaded assembly
- Completed reload, in  0.792 seconds
Platform modules already initialized, skipping
Refreshing native plugins compatible for Editor in 0.29 ms, found 0 plugins.
Preloading 0 native plugins for Editor in 0.00 ms.
Unloading 1108 Unused Serialized files (Serialized files now loaded: 0)
System memory in use before: 58.9 MB.
System memory in use after: 58.4 MB.

Unloading 18 unused Assets to reduce memory usage. Loaded Objects now: 1549.
Total: 2.231200 ms (FindLiveObjects: 0.410800 ms CreateObjectMapping: 0.055900 ms MarkObjects: 1.410500 ms  DeleteObjects: 0.353100 ms)

========================================================================
Received Import Request.
  Time since last request: 134.353136 seconds.
  path: Assets/GUI and GameSystems Project/Scripts/AnyKey.cs
  artifactKey: Guid(a974c57822dd5d34e91eceb7df07df25) Importer(815301076,1909f56bfc062723c751e8b465ee728b)
Start importing Assets/GUI and GameSystems Project/Scripts/AnyKey.cs using Guid(a974c57822dd5d34e91eceb7df07df25) Importer(815301076,1909f56bfc062723c751e8b465ee728b)  -> (artifact id: 'a88756b25a702c3a55fcd14179fe39e4') in 0.013848 seconds
  Import took 0.016060 seconds .

========================================================================
Received Import Request.
  Time since last request: 0.005554 seconds.
  path: Assets/GUI and GameSystems Project/Scripts/AnyKey.cs
  artifactKey: Guid(a974c57822dd5d34e91eceb7df07df25) Importer(815301076,1909f56bfc062723c751e8b465ee728b)
Start importing Assets/GUI and GameSystems Project/Scripts/AnyKey.cs using Guid(a974c57822dd5d34e91eceb7df07df25) Importer(815301076,1909f56bfc062723c751e8b465ee728b)  -> (artifact id: 'a88756b25a702c3a55fcd14179fe39e4') in 0.003565 seconds
  Import took 0.005898 seconds .

========================================================================
Received Prepare
Registering precompiled user dll's ...
Registered in 0.000659 seconds.
Begin MonoManager ReloadAssembly
Native extension for WindowsStandalone target not found
Refreshing native plugins compatible for Editor in 0.24 ms, found 0 plugins.
Preloading 0 native plugins for Editor in 0.00 ms.
Invoked RoslynAnalysisRunner static constructor.
RoslynAnalysisRunner will not be running.
RoslynAnalysisRunner has terminated.
Mono: successfully reloaded assembly
- Completed reload, in  0.933 seconds
Platform modules already initialized, skipping
Refreshing native plugins compatible for Editor in 0.21 ms, found 0 plugins.
Preloading 0 native plugins for Editor in 0.00 ms.
Unloading 1109 Unused Serialized files (Serialized files now loaded: 0)
System memory in use before: 59.0 MB.
System memory in use after: 58.5 MB.

Unloading 18 unused Assets to reduce memory usage. Loaded Objects now: 1552.
Total: 2.126700 ms (FindLiveObjects: 0.141100 ms CreateObjectMapping: 0.036100 ms MarkObjects: 1.613700 ms  DeleteObjects: 0.334300 ms)

========================================================================
Received Prepare
Registering precompiled user dll's ...
Registered in 0.000609 seconds.
Begin MonoManager ReloadAssembly
Native extension for WindowsStandalone target not found
Refreshing native plugins compatible for Editor in 0.18 ms, found 0 plugins.
Preloading 0 native plugins for Editor in 0.00 ms.
Invoked RoslynAnalysisRunner static constructor.
RoslynAnalysisRunner will not be running.
RoslynAnalysisRunner has terminated.
Mono: successfully reloaded assembly
- Completed reload, in  0.766 seconds
Platform modules already initialized, skipping
Refreshing native plugins compatible for Editor in 0.25 ms, found 0 plugins.
Preloading 0 native plugins for Editor in 0.00 ms.
Unloading 1109 Unused Serialized files (Serialized files now loaded: 0)
System memory in use before: 59.1 MB.
System memory in use after: 58.6 MB.

Unloading 18 unused Assets to reduce memory usage. Loaded Objects now: 1554.
Total: 1.684600 ms (FindLiveObjects: 0.139800 ms CreateObjectMapping: 0.035700 ms MarkObjects: 1.203700 ms  DeleteObjects: 0.304700 ms)

========================================================================
Received Import Request.
  Time since last request: 142.432033 seconds.
  path: Assets/GUI and GameSystems Project/Scripts/AnyKey.cs
  artifactKey: Guid(a974c57822dd5d34e91eceb7df07df25) Importer(815301076,1909f56bfc062723c751e8b465ee728b)
Start importing Assets/GUI and GameSystems Project/Scripts/AnyKey.cs using Guid(a974c57822dd5d34e91eceb7df07df25) Importer(815301076,1909f56bfc062723c751e8b465ee728b)  -> (artifact id: '904698570e61974fbd2f9cb7277c08da') in 0.007476 seconds
  Import took 0.009861 seconds .

========================================================================
Received Prepare
Registering precompiled user dll's ...
Registered in 0.000773 seconds.
Begin MonoManager ReloadAssembly
Native extension for WindowsStandalone target not found
Refreshing native plugins compatible for Editor in 0.21 ms, found 0 plugins.
Preloading 0 native plugins for Editor in 0.00 ms.
Invoked RoslynAnalysisRunner static constructor.
RoslynAnalysisRunner will not be running.
RoslynAnalysisRunner has terminated.
Mono: successfully reloaded assembly
- Completed reload, in  0.759 seconds
Platform modules already initialized, skipping
Refreshing native plugins compatible for Editor in 0.26 ms, found 0 plugins.
Preloading 0 native plugins for Editor in 0.00 ms.
Unloading 1109 Unused Serialized files (Serialized files now loaded: 0)
System memory in use before: 59.2 MB.
System memory in use after: 58.7 MB.

Unloading 18 unused Assets to reduce memory usage. Loaded Objects now: 1556.
Total: 2.000300 ms (FindLiveObjects: 0.177600 ms CreateObjectMapping: 0.034200 ms MarkObjects: 1.348400 ms  DeleteObjects: 0.438900 ms)

========================================================================
Received Prepare
Registering precompiled user dll's ...
Registered in 0.000519 seconds.
Begin MonoManager ReloadAssembly
Native extension for WindowsStandalone target not found
Refreshing native plugins compatible for Editor in 0.19 ms, found 0 plugins.
Preloading 0 native plugins for Editor in 0.00 ms.
Invoked RoslynAnalysisRunner static constructor.
RoslynAnalysisRunner will not be running.
RoslynAnalysisRunner has terminated.
Mono: successfully reloaded assembly
- Completed reload, in  0.782 seconds
Platform modules already initialized, skipping
Refreshing native plugins compatible for Editor in 0.23 ms, found 0 plugins.
Preloading 0 native plugins for Editor in 0.00 ms.
Unloading 1109 Unused Serialized files (Serialized files now loaded: 0)
System memory in use before: 59.2 MB.
System memory in use after: 58.7 MB.

Unloading 18 unused Assets to reduce memory usage. Loaded Objects now: 1558.
Total: 2.136600 ms (FindLiveObjects: 0.207800 ms CreateObjectMapping: 0.038200 ms MarkObjects: 1.560500 ms  DeleteObjects: 0.328600 ms)

========================================================================
Received Import Request.
  Time since last request: 357.735384 seconds.
  path: Assets/GUI and GameSystems Project/Scripts/SplashScreen.cs
  artifactKey: Guid(e9c4f4ef498d8ea4ca0790c2557f1df3) Importer(815301076,1909f56bfc062723c751e8b465ee728b)
Start importing Assets/GUI and GameSystems Project/Scripts/SplashScreen.cs using Guid(e9c4f4ef498d8ea4ca0790c2557f1df3) Importer(815301076,1909f56bfc062723c751e8b465ee728b)  -> (artifact id: '076666b0b1fb1eb2f2f9420237b6ce7e') in 0.004953 seconds
  Import took 0.007039 seconds .

========================================================================
Received Import Request.
  Time since last request: 0.000282 seconds.
  path: Assets/GUI and GameSystems Project/Scenes/Splash Screen.unity
  artifactKey: Guid(9fc0d4010bbf28b4594072e72b8655ab) Importer(815301076,1909f56bfc062723c751e8b465ee728b)
Start importing Assets/GUI and GameSystems Project/Scenes/Splash Screen.unity using Guid(9fc0d4010bbf28b4594072e72b8655ab) Importer(815301076,1909f56bfc062723c751e8b465ee728b)  -> (artifact id: 'b6cd6143c2895c61a199778864577bc3') in 0.009145 seconds
  Import took 0.010880 seconds .

========================================================================
Received Prepare
Registering precompiled user dll's ...
Registered in 0.000540 seconds.
Begin MonoManager ReloadAssembly
Native extension for WindowsStandalone target not found
Refreshing native plugins compatible for Editor in 0.19 ms, found 0 plugins.
Preloading 0 native plugins for Editor in 0.00 ms.
Invoked RoslynAnalysisRunner static constructor.
RoslynAnalysisRunner will not be running.
RoslynAnalysisRunner has terminated.
Mono: successfully reloaded assembly
- Completed reload, in  0.802 seconds
Platform modules already initialized, skipping
Refreshing native plugins compatible for Editor in 0.26 ms, found 0 plugins.
Preloading 0 native plugins for Editor in 0.00 ms.
Unloading 1109 Unused Serialized files (Serialized files now loaded: 0)
System memory in use before: 59.3 MB.
System memory in use after: 58.8 MB.

Unloading 18 unused Assets to reduce memory usage. Loaded Objects now: 1560.
Total: 2.540800 ms (FindLiveObjects: 0.179100 ms CreateObjectMapping: 0.062900 ms MarkObjects: 1.895100 ms  DeleteObjects: 0.402800 ms)

========================================================================
Received Prepare
Registering precompiled user dll's ...
Registered in 0.000579 seconds.
Begin MonoManager ReloadAssembly
Native extension for WindowsStandalone target not found
Refreshing native plugins compatible for Editor in 0.23 ms, found 0 plugins.
Preloading 0 native plugins for Editor in 0.00 ms.
Invoked RoslynAnalysisRunner static constructor.
RoslynAnalysisRunner will not be running.
RoslynAnalysisRunner has terminated.
Mono: successfully reloaded assembly
- Completed reload, in  0.801 seconds
Platform modules already initialized, skipping
Refreshing native plugins compatible for Editor in 0.23 ms, found 0 plugins.
Preloading 0 native plugins for Editor in 0.00 ms.
Unloading 1109 Unused Serialized files (Serialized files now loaded: 0)
System memory in use before: 59.4 MB.
System memory in use after: 58.9 MB.

Unloading 18 unused Assets to reduce memory usage. Loaded Objects now: 1562.
Total: 1.824300 ms (FindLiveObjects: 0.110400 ms CreateObjectMapping: 0.029600 ms MarkObjects: 1.360500 ms  DeleteObjects: 0.322700 ms)

========================================================================
Received Prepare
Registering precompiled user dll's ...
Registered in 0.000656 seconds.
Begin MonoManager ReloadAssembly
Native extension for WindowsStandalone target not found
Refreshing native plugins compatible for Editor in 0.32 ms, found 0 plugins.
Preloading 0 native plugins for Editor in 0.00 ms.
Invoked RoslynAnalysisRunner static constructor.
RoslynAnalysisRunner will not be running.
RoslynAnalysisRunner has terminated.
Mono: successfully reloaded assembly
- Completed reload, in  0.828 seconds
Platform modules already initialized, skipping
Refreshing native plugins compatible for Editor in 0.27 ms, found 0 plugins.
Preloading 0 native plugins for Editor in 0.00 ms.
Unloading 1109 Unused Serialized files (Serialized files now loaded: 0)
System memory in use before: 59.5 MB.
System memory in use after: 59.0 MB.

Unloading 18 unused Assets to reduce memory usage. Loaded Objects now: 1564.
Total: 2.004500 ms (FindLiveObjects: 0.140800 ms CreateObjectMapping: 0.035000 ms MarkObjects: 1.447500 ms  DeleteObjects: 0.380100 ms)

========================================================================
Received Prepare
Registering precompiled user dll's ...
Registered in 0.000638 seconds.
Begin MonoManager ReloadAssembly
Native extension for WindowsStandalone target not found
Refreshing native plugins compatible for Editor in 0.19 ms, found 0 plugins.
Preloading 0 native plugins for Editor in 0.00 ms.
Invoked RoslynAnalysisRunner static constructor.
RoslynAnalysisRunner will not be running.
RoslynAnalysisRunner has terminated.
Mono: successfully reloaded assembly
- Completed reload, in  0.780 seconds
Platform modules already initialized, skipping
Refreshing native plugins compatible for Editor in 0.27 ms, found 0 plugins.
Preloading 0 native plugins for Editor in 0.00 ms.
Unloading 1109 Unused Serialized files (Serialized files now loaded: 0)
System memory in use before: 59.6 MB.
System memory in use after: 59.0 MB.

Unloading 18 unused Assets to reduce memory usage. Loaded Objects now: 1566.
Total: 1.826400 ms (FindLiveObjects: 0.125200 ms CreateObjectMapping: 0.036200 ms MarkObjects: 1.246900 ms  DeleteObjects: 0.417100 ms)

========================================================================
Received Prepare
Registering precompiled user dll's ...
Registered in 0.000608 seconds.
Begin MonoManager ReloadAssembly
Native extension for WindowsStandalone target not found
Refreshing native plugins compatible for Editor in 0.20 ms, found 0 plugins.
Preloading 0 native plugins for Editor in 0.00 ms.
Invoked RoslynAnalysisRunner static constructor.
RoslynAnalysisRunner will not be running.
RoslynAnalysisRunner has terminated.
Mono: successfully reloaded assembly
- Completed reload, in  0.724 seconds
Platform modules already initialized, skipping
Refreshing native plugins compatible for Editor in 0.29 ms, found 0 plugins.
Preloading 0 native plugins for Editor in 0.00 ms.
Unloading 1109 Unused Serialized files (Serialized files now loaded: 0)
System memory in use before: 59.6 MB.
System memory in use after: 59.1 MB.

Unloading 18 unused Assets to reduce memory usage. Loaded Objects now: 1568.
Total: 1.778600 ms (FindLiveObjects: 0.140200 ms CreateObjectMapping: 0.035600 ms MarkObjects: 1.264300 ms  DeleteObjects: 0.337700 ms)

========================================================================
Received Import Request.
  Time since last request: 163.927131 seconds.
  path: Assets/GUI and GameSystems Project/Scenes/Splash Screen.unity
  artifactKey: Guid(9fc0d4010bbf28b4594072e72b8655ab) Importer(815301076,1909f56bfc062723c751e8b465ee728b)
Start importing Assets/GUI and GameSystems Project/Scenes/Splash Screen.unity using Guid(9fc0d4010bbf28b4594072e72b8655ab) Importer(815301076,1909f56bfc062723c751e8b465ee728b)  -> (artifact id: 'cfe4416b06945a90e9fc58dd0fc010e9') in 0.011540 seconds
  Import took 0.013335 seconds .

========================================================================
Received Import Request.
  Time since last request: 69.142781 seconds.
  path: Assets/GUI and GameSystems Project/Scenes/Any Key.unity
  artifactKey: Guid(4225875ea51cfcc47a358227ef4ed20b) Importer(815301076,1909f56bfc062723c751e8b465ee728b)
Start importing Assets/GUI and GameSystems Project/Scenes/Any Key.unity using Guid(4225875ea51cfcc47a358227ef4ed20b) Importer(815301076,1909f56bfc062723c751e8b465ee728b)  -> (artifact id: '10192e88e540a2d18869cfe4782ca58e') in 0.003957 seconds
  Import took 0.006348 seconds .

========================================================================
Received Prepare
Registering precompiled user dll's ...
Registered in 0.000607 seconds.
Begin MonoManager ReloadAssembly
Native extension for WindowsStandalone target not found
Refreshing native plugins compatible for Editor in 0.22 ms, found 0 plugins.
Preloading 0 native plugins for Editor in 0.00 ms.
Invoked RoslynAnalysisRunner static constructor.
RoslynAnalysisRunner will not be running.
RoslynAnalysisRunner has terminated.
Mono: successfully reloaded assembly
- Completed reload, in  0.827 seconds
Platform modules already initialized, skipping
Refreshing native plugins compatible for Editor in 0.30 ms, found 0 plugins.
Preloading 0 native plugins for Editor in 0.00 ms.
Unloading 1109 Unused Serialized files (Serialized files now loaded: 0)
System memory in use before: 59.7 MB.
System memory in use after: 59.2 MB.

Unloading 18 unused Assets to reduce memory usage. Loaded Objects now: 1570.
Total: 1.986300 ms (FindLiveObjects: 0.225100 ms CreateObjectMapping: 0.050500 ms MarkObjects: 1.389200 ms  DeleteObjects: 0.320600 ms)

========================================================================
Received Import Request.
  Time since last request: 1084.674602 seconds.
  path: Assets/GUI and GameSystems Project/Scripts/LoadingScreen.cs
  artifactKey: Guid(f9efb7ffb8d21a342bcfdbbc0e17753c) Importer(815301076,1909f56bfc062723c751e8b465ee728b)
Start importing Assets/GUI and GameSystems Project/Scripts/LoadingScreen.cs using Guid(f9efb7ffb8d21a342bcfdbbc0e17753c) Importer(815301076,1909f56bfc062723c751e8b465ee728b)  -> (artifact id: '878d6621e80466f8f1113ebc7e1bbe6a') in 0.013711 seconds
  Import took 0.016194 seconds .

========================================================================
Received Import Request.
  Time since last request: 0.006500 seconds.
  path: Assets/GUI and GameSystems Project/Scripts/LoadingScreen.cs
  artifactKey: Guid(f9efb7ffb8d21a342bcfdbbc0e17753c) Importer(815301076,1909f56bfc062723c751e8b465ee728b)
Start importing Assets/GUI and GameSystems Project/Scripts/LoadingScreen.cs using Guid(f9efb7ffb8d21a342bcfdbbc0e17753c) Importer(815301076,1909f56bfc062723c751e8b465ee728b)  -> (artifact id: '878d6621e80466f8f1113ebc7e1bbe6a') in 0.004919 seconds
  Import took 0.007355 seconds .

========================================================================
Received Prepare
Registering precompiled user dll's ...
Registered in 0.000573 seconds.
Begin MonoManager ReloadAssembly
Native extension for WindowsStandalone target not found
Refreshing native plugins compatible for Editor in 0.21 ms, found 0 plugins.
Preloading 0 native plugins for Editor in 0.00 ms.
Invoked RoslynAnalysisRunner static constructor.
RoslynAnalysisRunner will not be running.
RoslynAnalysisRunner has terminated.
Mono: successfully reloaded assembly
- Completed reload, in  0.855 seconds
Platform modules already initialized, skipping
Refreshing native plugins compatible for Editor in 0.33 ms, found 0 plugins.
Preloading 0 native plugins for Editor in 0.00 ms.
Unloading 1110 Unused Serialized files (Serialized files now loaded: 0)
System memory in use before: 59.8 MB.
System memory in use after: 59.3 MB.

Unloading 18 unused Assets to reduce memory usage. Loaded Objects now: 1573.
Total: 1.917600 ms (FindLiveObjects: 0.136300 ms CreateObjectMapping: 0.036600 ms MarkObjects: 1.403400 ms  DeleteObjects: 0.340400 ms)

========================================================================
Received Prepare
Registering precompiled user dll's ...
Registered in 0.000602 seconds.
Begin MonoManager ReloadAssembly
Native extension for WindowsStandalone target not found
Refreshing native plugins compatible for Editor in 0.19 ms, found 0 plugins.
Preloading 0 native plugins for Editor in 0.00 ms.
Invoked RoslynAnalysisRunner static constructor.
RoslynAnalysisRunner will not be running.
RoslynAnalysisRunner has terminated.
Mono: successfully reloaded assembly
- Completed reload, in  0.770 seconds
Platform modules already initialized, skipping
Refreshing native plugins compatible for Editor in 0.26 ms, found 0 plugins.
Preloading 0 native plugins for Editor in 0.00 ms.
Unloading 1110 Unused Serialized files (Serialized files now loaded: 0)
System memory in use before: 59.9 MB.
System memory in use after: 59.4 MB.

Unloading 18 unused Assets to reduce memory usage. Loaded Objects now: 1575.
Total: 2.322100 ms (FindLiveObjects: 0.220000 ms CreateObjectMapping: 0.060200 ms MarkObjects: 1.665100 ms  DeleteObjects: 0.375500 ms)

========================================================================
Received Import Request.
  Time since last request: 190.927579 seconds.
  path: Assets/GUI and GameSystems Project/Scripts/LoadingScreen.cs
  artifactKey: Guid(f9efb7ffb8d21a342bcfdbbc0e17753c) Importer(815301076,1909f56bfc062723c751e8b465ee728b)
Start importing Assets/GUI and GameSystems Project/Scripts/LoadingScreen.cs using Guid(f9efb7ffb8d21a342bcfdbbc0e17753c) Importer(815301076,1909f56bfc062723c751e8b465ee728b)  -> (artifact id: 'd4f1d124de6ccc7e43fbc2b01c21db8c') in 0.009530 seconds
  Import took 0.011462 seconds .

========================================================================
Received Prepare
Registering precompiled user dll's ...
Registered in 0.000552 seconds.
Begin MonoManager ReloadAssembly
Native extension for WindowsStandalone target not found
Refreshing native plugins compatible for Editor in 0.20 ms, found 0 plugins.
Preloading 0 native plugins for Editor in 0.00 ms.
Invoked RoslynAnalysisRunner static constructor.
RoslynAnalysisRunner will not be running.
RoslynAnalysisRunner has terminated.
Mono: successfully reloaded assembly
- Completed reload, in  0.814 seconds
Platform modules already initialized, skipping
Refreshing native plugins compatible for Editor in 0.23 ms, found 0 plugins.
Preloading 0 native plugins for Editor in 0.00 ms.
Unloading 1110 Unused Serialized files (Serialized files now loaded: 0)
System memory in use before: 60.0 MB.
System memory in use after: 59.5 MB.

Unloading 18 unused Assets to reduce memory usage. Loaded Objects now: 1577.
Total: 2.292100 ms (FindLiveObjects: 0.137700 ms CreateObjectMapping: 0.036500 ms MarkObjects: 1.691700 ms  DeleteObjects: 0.425300 ms)

========================================================================
Received Import Request.
  Time since last request: 119.729195 seconds.
  path: Assets/GUI and GameSystems Project/Scripts/LoadingScreen.cs
  artifactKey: Guid(f9efb7ffb8d21a342bcfdbbc0e17753c) Importer(815301076,1909f56bfc062723c751e8b465ee728b)
Start importing Assets/GUI and GameSystems Project/Scripts/LoadingScreen.cs using Guid(f9efb7ffb8d21a342bcfdbbc0e17753c) Importer(815301076,1909f56bfc062723c751e8b465ee728b)  -> (artifact id: '50c149242447d3f3913d5901902f4adb') in 0.005117 seconds
  Import took 0.007144 seconds .

========================================================================
Received Import Request.
  Time since last request: 79.693026 seconds.
  path: Assets/GUI and GameSystems Project/Art
  artifactKey: Guid(e74b44a43db58c341bfdd2c7e12158ba) Importer(815301076,1909f56bfc062723c751e8b465ee728b)
Start importing Assets/GUI and GameSystems Project/Art using Guid(e74b44a43db58c341bfdd2c7e12158ba) Importer(815301076,1909f56bfc062723c751e8b465ee728b)  -> (artifact id: '86103ee125716a6c10ca8e793fd61afe') in 0.011396 seconds
  Import took 0.013826 seconds .

========================================================================
Received Import Request.
  Time since last request: 102.700883 seconds.
  path: Assets/GUI and GameSystems Project/Art/Loading bar.png
  artifactKey: Guid(a8a1125613e065b479100264867a64e8) Importer(815301076,1909f56bfc062723c751e8b465ee728b)
Start importing Assets/GUI and GameSystems Project/Art/Loading bar.png using Guid(a8a1125613e065b479100264867a64e8) Importer(815301076,1909f56bfc062723c751e8b465ee728b)  -> (artifact id: '8457739d8de569a7073fe09af2dacd4a') in 0.108268 seconds
  Import took 0.110388 seconds .

========================================================================
Received Import Request.
  Time since last request: 9.372847 seconds.
  path: Assets/GUI and GameSystems Project/Art/Loading bar.png
  artifactKey: Guid(a8a1125613e065b479100264867a64e8) Importer(815301076,1909f56bfc062723c751e8b465ee728b)
Start importing Assets/GUI and GameSystems Project/Art/Loading bar.png using Guid(a8a1125613e065b479100264867a64e8) Importer(815301076,1909f56bfc062723c751e8b465ee728b)  -> (artifact id: '6c36a05ecaa79322b589586635cc8fd2') in 0.054059 seconds
  Import took 0.057013 seconds .

========================================================================
Received Prepare
Registering precompiled user dll's ...
Registered in 0.001183 seconds.
Begin MonoManager ReloadAssembly
Native extension for WindowsStandalone target not found
Refreshing native plugins compatible for Editor in 0.23 ms, found 0 plugins.
Preloading 0 native plugins for Editor in 0.00 ms.
Invoked RoslynAnalysisRunner static constructor.
RoslynAnalysisRunner will not be running.
RoslynAnalysisRunner has terminated.
Mono: successfully reloaded assembly
- Completed reload, in  0.752 seconds
Platform modules already initialized, skipping
Refreshing native plugins compatible for Editor in 0.25 ms, found 0 plugins.
Preloading 0 native plugins for Editor in 0.00 ms.
Unloading 1110 Unused Serialized files (Serialized files now loaded: 0)
System memory in use before: 63.1 MB.
System memory in use after: 62.6 MB.

Unloading 18 unused Assets to reduce memory usage. Loaded Objects now: 1585.
Total: 2.056900 ms (FindLiveObjects: 0.137600 ms CreateObjectMapping: 0.032800 ms MarkObjects: 1.572500 ms  DeleteObjects: 0.313300 ms)

========================================================================
Received Prepare
Registering precompiled user dll's ...
Registered in 0.001045 seconds.
Begin MonoManager ReloadAssembly
Native extension for WindowsStandalone target not found
Refreshing native plugins compatible for Editor in 0.24 ms, found 0 plugins.
Preloading 0 native plugins for Editor in 0.00 ms.
Invoked RoslynAnalysisRunner static constructor.
RoslynAnalysisRunner will not be running.
RoslynAnalysisRunner has terminated.
Mono: successfully reloaded assembly
- Completed reload, in  0.863 seconds
Platform modules already initialized, skipping
Refreshing native plugins compatible for Editor in 0.32 ms, found 0 plugins.
Preloading 0 native plugins for Editor in 0.00 ms.
Unloading 1110 Unused Serialized files (Serialized files now loaded: 0)
System memory in use before: 63.2 MB.
System memory in use after: 62.7 MB.

Unloading 18 unused Assets to reduce memory usage. Loaded Objects now: 1587.
Total: 2.074800 ms (FindLiveObjects: 0.143100 ms CreateObjectMapping: 0.035700 ms MarkObjects: 1.569600 ms  DeleteObjects: 0.325600 ms)

========================================================================
Received Prepare
Registering precompiled user dll's ...
Registered in 0.000839 seconds.
Begin MonoManager ReloadAssembly
Native extension for WindowsStandalone target not found
Refreshing native plugins compatible for Editor in 0.19 ms, found 0 plugins.
Preloading 0 native plugins for Editor in 0.00 ms.
Invoked RoslynAnalysisRunner static constructor.
RoslynAnalysisRunner will not be running.
RoslynAnalysisRunner has terminated.
Mono: successfully reloaded assembly
- Completed reload, in  0.766 seconds
Platform modules already initialized, skipping
Refreshing native plugins compatible for Editor in 0.35 ms, found 0 plugins.
Preloading 0 native plugins for Editor in 0.00 ms.
Unloading 1110 Unused Serialized files (Serialized files now loaded: 0)
System memory in use before: 63.3 MB.
System memory in use after: 62.8 MB.

Unloading 18 unused Assets to reduce memory usage. Loaded Objects now: 1589.
Total: 2.309300 ms (FindLiveObjects: 0.129700 ms CreateObjectMapping: 0.037300 ms MarkObjects: 1.768900 ms  DeleteObjects: 0.372400 ms)

========================================================================
Received Prepare
Registering precompiled user dll's ...
Registered in 0.000543 seconds.
Begin MonoManager ReloadAssembly
Native extension for WindowsStandalone target not found
Refreshing native plugins compatible for Editor in 0.61 ms, found 0 plugins.
Preloading 0 native plugins for Editor in 0.00 ms.
Invoked RoslynAnalysisRunner static constructor.
RoslynAnalysisRunner will not be running.
RoslynAnalysisRunner has terminated.
Mono: successfully reloaded assembly
- Completed reload, in  0.825 seconds
Platform modules already initialized, skipping
Refreshing native plugins compatible for Editor in 0.25 ms, found 0 plugins.
Preloading 0 native plugins for Editor in 0.00 ms.
Unloading 1110 Unused Serialized files (Serialized files now loaded: 0)
System memory in use before: 63.3 MB.
System memory in use after: 62.8 MB.

Unloading 18 unused Assets to reduce memory usage. Loaded Objects now: 1591.
Total: 1.833000 ms (FindLiveObjects: 0.149100 ms CreateObjectMapping: 0.037300 ms MarkObjects: 1.304100 ms  DeleteObjects: 0.341600 ms)

========================================================================
Received Prepare
Registering precompiled user dll's ...
Registered in 0.000834 seconds.
Begin MonoManager ReloadAssembly
Native extension for WindowsStandalone target not found
Refreshing native plugins compatible for Editor in 0.19 ms, found 0 plugins.
Preloading 0 native plugins for Editor in 0.00 ms.
Invoked RoslynAnalysisRunner static constructor.
RoslynAnalysisRunner will not be running.
RoslynAnalysisRunner has terminated.
Mono: successfully reloaded assembly
- Completed reload, in  0.764 seconds
Platform modules already initialized, skipping
Refreshing native plugins compatible for Editor in 0.23 ms, found 0 plugins.
Preloading 0 native plugins for Editor in 0.00 ms.
Unloading 1110 Unused Serialized files (Serialized files now loaded: 0)
System memory in use before: 63.4 MB.
System memory in use after: 62.9 MB.

Unloading 18 unused Assets to reduce memory usage. Loaded Objects now: 1593.
Total: 2.157600 ms (FindLiveObjects: 0.231500 ms CreateObjectMapping: 0.060000 ms MarkObjects: 1.534500 ms  DeleteObjects: 0.330800 ms)

AssetImportWorkerClient::OnTransportError - code=2 error=End of file
