Using pre-set license
Built from '2020.2/release' branch; Version is '2020.2.2f1 (068178b99f32) revision 426360'; Using compiler version '192528614'; Build Type 'Release'
OS: 'Windows 10 Enterprise; OS build 18363.1440; Version 1909; 64bit' Language: 'en' Physical Memory: 16304 MB
BatchMode: 1, IsHumanControllingUs: 0, StartBugReporterOnCrash: 0, Is64bit: 1, IsPro: 0

 COMMAND LINE ARGUMENTS:
C:\Program Files\Unity\Hub\Editor\2020.2.2f1\Editor\Unity.exe
-adb2
-batchMode
-noUpm
-name
AssetImportWorker0
-projectPath
C:/Users/3c4c9f8b600aaa4a/Documents/GitHub/GUI-and-GameSystems/GUI and GameSystems Project
-logFile
Logs/AssetImportWorker0.log
-srvPort
50343
Successfully changed project path to: C:/Users/3c4c9f8b600aaa4a/Documents/GitHub/GUI-and-GameSystems/GUI and GameSystems Project
C:/Users/3c4c9f8b600aaa4a/Documents/GitHub/GUI-and-GameSystems/GUI and GameSystems Project
Using Asset Import Pipeline V2.
Refreshing native plugins compatible for Editor in 22.23 ms, found 0 plugins.
Preloading 0 native plugins for Editor in 0.00 ms.
Initialize engine version: 2020.2.2f1 (068178b99f32)
[Subsystems] Discovering subsystems at path C:/Program Files/Unity/Hub/Editor/2020.2.2f1/Editor/Data/Resources/UnitySubsystems
[Subsystems] Discovering subsystems at path C:/Users/3c4c9f8b600aaa4a/Documents/GitHub/GUI-and-GameSystems/GUI and GameSystems Project/Assets
GfxDevice: creating device client; threaded=0
Direct3D:
    Version:  Direct3D 11.0 [level 11.0]
    Renderer: NVIDIA Quadro K2200  (ID=0x13ba)
    Vendor:   
    VRAM:     4035 MB
    Driver:   10.18.13.5362
Initialize mono
Mono path[0] = 'C:/Program Files/Unity/Hub/Editor/2020.2.2f1/Editor/Data/Managed'
Mono path[1] = 'C:/Program Files/Unity/Hub/Editor/2020.2.2f1/Editor/Data/MonoBleedingEdge/lib/mono/unityjit'
Mono config path = 'C:/Program Files/Unity/Hub/Editor/2020.2.2f1/Editor/Data/MonoBleedingEdge/etc'
Using monoOptions --debugger-agent=transport=dt_socket,embedding=1,server=y,suspend=n,address=127.0.0.1:56176
Begin MonoManager ReloadAssembly
Registering precompiled unity dll's ...
Register platform support module: C:/Program Files/Unity/Hub/Editor/2020.2.2f1/Editor/Data/PlaybackEngines/WindowsStandaloneSupport/UnityEditor.WindowsStandalone.Extensions.dll
Registered in 0.001632 seconds.
Native extension for WindowsStandalone target not found
Refreshing native plugins compatible for Editor in 24.50 ms, found 0 plugins.
Preloading 0 native plugins for Editor in 0.00 ms.
Invoked RoslynAnalysisRunner static constructor.
RoslynAnalysisRunner will not be running.
RoslynAnalysisRunner has terminated.
Mono: successfully reloaded assembly
- Completed reload, in  1.142 seconds
Platform modules already initialized, skipping
Registering precompiled user dll's ...
Registered in 0.000638 seconds.
Begin MonoManager ReloadAssembly
Native extension for WindowsStandalone target not found
Refreshing native plugins compatible for Editor in 0.25 ms, found 0 plugins.
Preloading 0 native plugins for Editor in 0.00 ms.
Invoked RoslynAnalysisRunner static constructor.
RoslynAnalysisRunner will not be running.
RoslynAnalysisRunner has terminated.
Mono: successfully reloaded assembly
- Completed reload, in  0.970 seconds
Platform modules already initialized, skipping
========================================================================
Worker process is ready to serve import requests
Launched and connected shader compiler UnityShaderCompiler.exe after 0.05 seconds
Refreshing native plugins compatible for Editor in 0.24 ms, found 0 plugins.
Preloading 0 native plugins for Editor in 0.00 ms.
Unloading 1099 Unused Serialized files (Serialized files now loaded: 0)
System memory in use before: 56.9 MB.
System memory in use after: 56.9 MB.

Unloading 10 unused Assets to reduce memory usage. Loaded Objects now: 1540.
Total: 2.151800 ms (FindLiveObjects: 0.200700 ms CreateObjectMapping: 0.048800 ms MarkObjects: 1.811500 ms  DeleteObjects: 0.090300 ms)

========================================================================
Received Import Request.
  path: Assets/GUI and GameSystems Project
  artifactKey: Guid(6ff2698c0a09b7d4096725f9d549bbd2) Importer(815301076,1909f56bfc062723c751e8b465ee728b)
Start importing Assets/GUI and GameSystems Project using Guid(6ff2698c0a09b7d4096725f9d549bbd2) Importer(815301076,1909f56bfc062723c751e8b465ee728b)  -> (artifact id: '3fc203193e13926c4cdee79266e4436f') in 0.008448 seconds
  Import took 0.011443 seconds .

========================================================================
Received Import Request.
  Time since last request: 114.973634 seconds.
  path: Assets/GUI and GameSystems Project/Scripts
  artifactKey: Guid(dcc0555f5fa517e489e36d647afea200) Importer(815301076,1909f56bfc062723c751e8b465ee728b)
Start importing Assets/GUI and GameSystems Project/Scripts using Guid(dcc0555f5fa517e489e36d647afea200) Importer(815301076,1909f56bfc062723c751e8b465ee728b)  -> (artifact id: 'a3b39a0ca6355dd07c2253ab65f5c9b2') in 0.007999 seconds
  Import took 0.010760 seconds .

========================================================================
Received Import Request.
  Time since last request: 40.045055 seconds.
  path: Assets/GUI and GameSystems Project/Lesson Files
  artifactKey: Guid(ce72052bba481b54ea704fe8dc537a36) Importer(815301076,1909f56bfc062723c751e8b465ee728b)
Start importing Assets/GUI and GameSystems Project/Lesson Files using Guid(ce72052bba481b54ea704fe8dc537a36) Importer(815301076,1909f56bfc062723c751e8b465ee728b)  -> (artifact id: 'a2e7fd3b71dd6125c7f53ee9cb193ba1') in 0.007864 seconds
  Import took 0.009973 seconds .

========================================================================
Received Import Request.
  Time since last request: 143.190417 seconds.
  path: Assets/GUI and GameSystems Project/Scenes/SampleScene.unity
  artifactKey: Guid(9fc0d4010bbf28b4594072e72b8655ab) Importer(815301076,1909f56bfc062723c751e8b465ee728b)
Start importing Assets/GUI and GameSystems Project/Scenes/SampleScene.unity using Guid(9fc0d4010bbf28b4594072e72b8655ab) Importer(815301076,1909f56bfc062723c751e8b465ee728b)  -> (artifact id: '9831e44e2a700a6e1119228b2d38e767') in 0.020641 seconds
  Import took 0.022374 seconds .

========================================================================
Received Import Request.
  Time since last request: 16.855938 seconds.
  path: Assets/GUI and GameSystems Project/Lesson Files/06 Loading bars/Scripts/LoadManager.cs
  artifactKey: Guid(555bfc97bd0c9194a948170e7ad11f65) Importer(815301076,1909f56bfc062723c751e8b465ee728b)
Start importing Assets/GUI and GameSystems Project/Lesson Files/06 Loading bars/Scripts/LoadManager.cs using Guid(555bfc97bd0c9194a948170e7ad11f65) Importer(815301076,1909f56bfc062723c751e8b465ee728b)  -> (artifact id: '4e523d20cbb239e6b6bf2d1c68598ec8') in 0.029083 seconds
  Import took 0.030905 seconds .

========================================================================
Received Import Request.
  Time since last request: 0.008340 seconds.
  path: Assets/GUI and GameSystems Project/Lesson Files/06 Loading bars/Scripts/LoadManager.cs
  artifactKey: Guid(555bfc97bd0c9194a948170e7ad11f65) Importer(815301076,1909f56bfc062723c751e8b465ee728b)
Start importing Assets/GUI and GameSystems Project/Lesson Files/06 Loading bars/Scripts/LoadManager.cs using Guid(555bfc97bd0c9194a948170e7ad11f65) Importer(815301076,1909f56bfc062723c751e8b465ee728b)  -> (artifact id: '4e523d20cbb239e6b6bf2d1c68598ec8') in 0.003362 seconds
  Import took 0.005874 seconds .

========================================================================
Received Prepare
Registering precompiled user dll's ...
Registered in 0.000607 seconds.
Begin MonoManager ReloadAssembly
Native extension for WindowsStandalone target not found
Refreshing native plugins compatible for Editor in 0.19 ms, found 0 plugins.
Preloading 0 native plugins for Editor in 0.00 ms.
Invoked RoslynAnalysisRunner static constructor.
RoslynAnalysisRunner will not be running.
RoslynAnalysisRunner has terminated.
Mono: successfully reloaded assembly
- Completed reload, in  0.780 seconds
Platform modules already initialized, skipping
Refreshing native plugins compatible for Editor in 0.21 ms, found 0 plugins.
Preloading 0 native plugins for Editor in 0.00 ms.
Unloading 1098 Unused Serialized files (Serialized files now loaded: 0)
System memory in use before: 57.0 MB.
System memory in use after: 57.1 MB.

Unloading 5 unused Assets to reduce memory usage. Loaded Objects now: 1546.
Total: 2.123100 ms (FindLiveObjects: 0.130900 ms CreateObjectMapping: 0.030300 ms MarkObjects: 1.886800 ms  DeleteObjects: 0.074200 ms)

========================================================================
Received Import Request.
  Time since last request: 51.635898 seconds.
  path: Assets/GUI and GameSystems Project/Lesson Files/06 Loading bars/Scripts/LoadManager.cs
  artifactKey: Guid(555bfc97bd0c9194a948170e7ad11f65) Importer(815301076,1909f56bfc062723c751e8b465ee728b)
Start importing Assets/GUI and GameSystems Project/Lesson Files/06 Loading bars/Scripts/LoadManager.cs using Guid(555bfc97bd0c9194a948170e7ad11f65) Importer(815301076,1909f56bfc062723c751e8b465ee728b)  -> (artifact id: '2331b388b7928a3e0353410227fff102') in 0.005978 seconds
  Import took 0.008411 seconds .

========================================================================
Received Prepare
Registering precompiled user dll's ...
Registered in 0.000591 seconds.
Begin MonoManager ReloadAssembly
Native extension for WindowsStandalone target not found
Refreshing native plugins compatible for Editor in 0.24 ms, found 0 plugins.
Preloading 0 native plugins for Editor in 0.00 ms.
Invoked RoslynAnalysisRunner static constructor.
RoslynAnalysisRunner will not be running.
RoslynAnalysisRunner has terminated.
Mono: successfully reloaded assembly
- Completed reload, in  0.810 seconds
Platform modules already initialized, skipping
Refreshing native plugins compatible for Editor in 0.52 ms, found 0 plugins.
Preloading 0 native plugins for Editor in 0.00 ms.
Unloading 1094 Unused Serialized files (Serialized files now loaded: 0)
System memory in use before: 57.0 MB.
System memory in use after: 57.1 MB.

Unloading 9 unused Assets to reduce memory usage. Loaded Objects now: 1544.
Total: 1.418700 ms (FindLiveObjects: 0.114900 ms CreateObjectMapping: 0.033500 ms MarkObjects: 1.196200 ms  DeleteObjects: 0.073300 ms)

AssetImportWorkerClient::OnTransportError - code=2 error=End of file
